Start testing: Jan 04 20:38 CET
----------------------------------------------------------
1/1 Testing: WhAllocSolverTests
1/1 Test: WhAllocSolverTests
Command: "/home/mjagos/warehouse-allocation-restore/build/tests/WhAllocSolverTests"
Directory: /home/mjagos/warehouse-allocation-restore/build/tests
"WhAllocSolverTests" start time: Jan 04 20:38 CET
Output:
----------------------------------------------------------
Running main() from /home/mjagos/warehouse-allocation-restore/build/_deps/googletest-src/googletest/src/gtest_main.cc
[==========] Running 5 tests from 1 test suite.
[----------] Global test environment set-up.
[----------] 5 tests from WL_16_1
[ RUN      ] WL_16_1.InitializeSolutionTest
[       OK ] WL_16_1.InitializeSolutionTest (0 ms)
[ RUN      ] WL_16_1.PrecomputeCheapestWarehousesTest
[       OK ] WL_16_1.PrecomputeCheapestWarehousesTest (0 ms)
[ RUN      ] WL_16_1.MemoryAllocation
[       OK ] WL_16_1.MemoryAllocation (0 ms)
[ RUN      ] WL_16_1.InputValues
[       OK ] WL_16_1.InputValues (0 ms)
[ RUN      ] WL_16_1.WarehouseTests
/home/mjagos/warehouse-allocation-restore/tests/test_warehouse.cpp:11: Failure
Expected equality of these values:
  S.fitness
    Which is: 5219.5000000000055
  P.T_CW[0][w] + P.S_W[w]
    Which is: 5219.5

[  FAILED  ] WL_16_1.WarehouseTests (0 ms)
[----------] 5 tests from WL_16_1 (1 ms total)

[----------] Global test environment tear-down
[==========] 5 tests from 1 test suite ran. (1 ms total)
[  PASSED  ] 4 tests.
[  FAILED  ] 1 test, listed below:
[  FAILED  ] WL_16_1.WarehouseTests

 1 FAILED TEST
<end of output>
Test time =   0.01 sec
----------------------------------------------------------
Test Failed.
"WhAllocSolverTests" end time: Jan 04 20:38 CET
"WhAllocSolverTests" time elapsed: 00:00:00
----------------------------------------------------------

End testing: Jan 04 20:38 CET
