<?xml version="1.0" encoding="UTF-8"?>
<Site BuildName="(empty)"
	BuildStamp="20250105-1139-Experimental"
	Name="(empty)"
	Generator="ctest-3.25.1"
	CompilerName=""
	CompilerVersion=""
	OSName="Linux"
	Hostname="IDGINC-J3FCNN3"
	OSRelease="5.15.167.4-microsoft-standard-WSL2"
	OSVersion="#1 SMP Tue Nov 5 00:21:55 UTC 2024"
	OSPlatform="x86_64"
	Is64Bits="1"
	VendorString="GenuineIntel"
	VendorID="Intel Corporation"
	FamilyID="6"
	ModelID="154"
	ProcessorCacheSize="12288"
	NumberOfLogicalCPU="12"
	NumberOfPhysicalCPU="6"
	TotalVirtualMemory="4096"
	TotalPhysicalMemory="15713"
	LogicalProcessorsPerPhysical="2"
	ProcessorClockFrequency="2688.01"
	>
	<Testing>
		<StartDateTime>Jan 05 12:39 CET</StartDateTime>
		<StartTestTime>1736077187</StartTestTime>
		<TestList/>
		<EndDateTime>Jan 05 12:39 CET</EndDateTime>
		<EndTestTime>1736077187</EndTestTime>
		<ElapsedMinutes>0</ElapsedMinutes>
	</Testing>
</Site>
